<?xml version="1.0" encoding="UTF-8"?>
<testsuite name="MaximumTest" tests="1" skipped="0" failures="0" errors="0" timestamp="2020-08-16T13:27:10" hostname="DESKTOP-SPMDGAR" time="0.002">
  <properties/>
  <testcase name="givenMaxValue_atPosition3_shouldReturn_maximumString" classname="MaximumTest" time="0.002"/>
  <system-out><![CDATA[]]></system-out>
  <system-err><![CDATA[]]></system-err>
</testsuite>
