<?xml version="1.0" encoding="UTF-8"?>
<testsuite name="MaximumTest" tests="3" skipped="0" failures="0" errors="0" timestamp="2020-08-15T19:27:19" hostname="DESKTOP-SPMDGAR" time="0.002">
  <properties/>
  <testcase name="givenMaxValue_atPos3_shouldReturn_maximumNumber" classname="MaximumTest" time="0.002"/>
  <testcase name="givenMaxValue_atPos2_shouldReturn_maximumNumber" classname="MaximumTest" time="0.0"/>
  <testcase name="givenMaxValue_atPos1_shouldReturn_maximumNumber" classname="MaximumTest" time="0.0"/>
  <system-out><![CDATA[]]></system-out>
  <system-err><![CDATA[]]></system-err>
</testsuite>
