<?xml version="1.0" encoding="UTF-8"?>
<testsuite name="MaximumTest" tests="6" skipped="0" failures="0" errors="0" timestamp="2020-08-16T12:05:42" hostname="DESKTOP-SPMDGAR" time="0.003">
  <properties/>
  <testcase name="givenMaxValue_atPosition2_shouldReturn_maximumFloat" classname="MaximumTest" time="0.002"/>
  <testcase name="givenMaxValue_atPosition3_shouldReturn_maximumFloat" classname="MaximumTest" time="0.0"/>
  <testcase name="givenMaxValue_atPosition3_shouldReturn_maximumNumber" classname="MaximumTest" time="0.0"/>
  <testcase name="givenMaxValue_atPosition2_shouldReturn_maximumNumber" classname="MaximumTest" time="0.0"/>
  <testcase name="givenMaxValue_atPosition1_shouldReturn_maximumNumber" classname="MaximumTest" time="0.0"/>
  <testcase name="givenMaxValue_atPosition1_shouldReturn_maximumFloat" classname="MaximumTest" time="0.0"/>
  <system-out><![CDATA[]]></system-out>
  <system-err><![CDATA[]]></system-err>
</testsuite>
