<?xml version="1.0" encoding="UTF-8"?>
<testsuite name="MaximumTest" tests="12" skipped="0" failures="0" errors="0" timestamp="2020-08-16T17:04:25" hostname="DESKTOP-SPMDGAR" time="0.005">
  <properties/>
  <testcase name="givenMaxValue_atPosition2_shouldReturn_maximumFloat" classname="MaximumTest" time="0.002"/>
  <testcase name="givenMaxValue_atPosition3_shouldReturn_maximumFloat" classname="MaximumTest" time="0.0"/>
  <testcase name="givenMaxValue_atPosition4_shouldReturn_maximumNumber" classname="MaximumTest" time="0.0"/>
  <testcase name="givenMaxValue_atPosition4_shouldReturn_maximumString" classname="MaximumTest" time="0.001"/>
  <testcase name="givenMaxValue_atPosition3_shouldReturn_maximumNumber" classname="MaximumTest" time="0.0"/>
  <testcase name="givenMaxValue_atPosition3_shouldReturn_maximumString" classname="MaximumTest" time="0.0"/>
  <testcase name="givenMaxValue_atPosition2_shouldReturn_maximumNumber" classname="MaximumTest" time="0.0"/>
  <testcase name="givenMaxValue_atPosition2_shouldReturn_maximumString" classname="MaximumTest" time="0.0"/>
  <testcase name="givenMaxValue_atPosition1_shouldReturn_maximumNumber" classname="MaximumTest" time="0.0"/>
  <testcase name="givenMaxValue_atPosition4_shouldReturn_maximumFloat" classname="MaximumTest" time="0.0"/>
  <testcase name="givenMaxValue_atPosition1_shouldReturn_maximumString" classname="MaximumTest" time="0.0"/>
  <testcase name="givenMaxValue_atPosition1_shouldReturn_maximumFloat" classname="MaximumTest" time="0.001"/>
  <system-out><![CDATA[]]></system-out>
  <system-err><![CDATA[]]></system-err>
</testsuite>
